<?xml version="1.0" encoding="UTF-8"?>
<!-- Generated by org.testng.reporters.JUnitXMLReporter -->
<testsuite hostname="Home-PC" ignored="0" name="Default test" tests="5" failures="0" timestamp="2020-09-07T03:40:59 PDT" time="16.071" errors="0">
  <testcase name="verify_user_login" time="10.469" classname="com.clariontechnologies.tests.SanityTest"/>
  <testcase name="verify_user_login" time="1.263" classname="com.clariontechnologies.tests.SanityTest"/>
  <testcase name="verify_add_promise_after_click_on_log_promise_button" time="2.342" classname="com.clariontechnologies.tests.SanityTest"/>
  <testcase name="verify_promise_is_added" time="1.351" classname="com.clariontechnologies.tests.SanityTest"/>
  <testcase name="verify_user_logout" time="0.39" classname="com.clariontechnologies.tests.SanityTest"/>
</testsuite> <!-- Default test -->
