<?xml version="1.0" encoding="UTF-8"?>
<!-- Generated by org.testng.reporters.JUnitXMLReporter -->
<testsuite hostname="Home-PC" ignored="0" name="SanityTest" tests="5" failures="0" timestamp="2020-09-07T03:57:40 PDT" time="16.782" errors="0">
  <testcase name="verify_user_login" time="8.287" classname="com.clariontechnologies.tests.SanityTest"/>
  <testcase name="verify_user_login" time="0.993" classname="com.clariontechnologies.tests.SanityTest"/>
  <testcase name="verify_add_promise_after_click_on_log_promise_button" time="1.798" classname="com.clariontechnologies.tests.SanityTest"/>
  <testcase name="verify_promise_is_added" time="1.123" classname="com.clariontechnologies.tests.SanityTest"/>
  <testcase name="verify_user_logout" time="0.33" classname="com.clariontechnologies.tests.SanityTest"/>
</testsuite> <!-- SanityTest -->
